Started GET "/" for ::1 at 2019-07-07 22:22:38 -0400
  
ActiveRecord::PendingMigrationError (

Migrations are pending. To resolve this issue, run:

        bin/rails db:migrate RAILS_ENV=development

):
  
activerecord (5.2.3) lib/active_record/migration.rb:579:in `check_pending!'
activerecord (5.2.3) lib/active_record/migration.rb:556:in `call'
actionpack (5.2.3) lib/action_dispatch/middleware/callbacks.rb:28:in `block in call'
activesupport (5.2.3) lib/active_support/callbacks.rb:98:in `run_callbacks'
actionpack (5.2.3) lib/action_dispatch/middleware/callbacks.rb:26:in `call'
actionpack (5.2.3) lib/action_dispatch/middleware/executor.rb:14:in `call'
actionpack (5.2.3) lib/action_dispatch/middleware/debug_exceptions.rb:61:in `call'
web-console (3.7.0) lib/web_console/middleware.rb:135:in `call_app'
web-console (3.7.0) lib/web_console/middleware.rb:30:in `block in call'
web-console (3.7.0) lib/web_console/middleware.rb:20:in `catch'
web-console (3.7.0) lib/web_console/middleware.rb:20:in `call'
actionpack (5.2.3) lib/action_dispatch/middleware/show_exceptions.rb:33:in `call'
railties (5.2.3) lib/rails/rack/logger.rb:38:in `call_app'
railties (5.2.3) lib/rails/rack/logger.rb:26:in `block in call'
activesupport (5.2.3) lib/active_support/tagged_logging.rb:71:in `block in tagged'
activesupport (5.2.3) lib/active_support/tagged_logging.rb:28:in `tagged'
activesupport (5.2.3) lib/active_support/tagged_logging.rb:71:in `tagged'
railties (5.2.3) lib/rails/rack/logger.rb:26:in `call'
sprockets-rails (3.2.1) lib/sprockets/rails/quiet_assets.rb:13:in `call'
actionpack (5.2.3) lib/action_dispatch/middleware/remote_ip.rb:81:in `call'
actionpack (5.2.3) lib/action_dispatch/middleware/request_id.rb:27:in `call'
rack (2.0.7) lib/rack/method_override.rb:22:in `call'
rack (2.0.7) lib/rack/runtime.rb:22:in `call'
activesupport (5.2.3) lib/active_support/cache/strategy/local_cache_middleware.rb:29:in `call'
actionpack (5.2.3) lib/action_dispatch/middleware/executor.rb:14:in `call'
actionpack (5.2.3) lib/action_dispatch/middleware/static.rb:127:in `call'
rack (2.0.7) lib/rack/sendfile.rb:111:in `call'
railties (5.2.3) lib/rails/engine.rb:524:in `call'
puma (3.12.1) lib/puma/configuration.rb:227:in `call'
puma (3.12.1) lib/puma/server.rb:660:in `handle_request'
puma (3.12.1) lib/puma/server.rb:474:in `process_client'
puma (3.12.1) lib/puma/server.rb:334:in `block in run'
puma (3.12.1) lib/puma/thread_pool.rb:135:in `block in spawn_thread'
  [1m[35m (0.1ms)[0m  [1m[34mSELECT sqlite_version(*)[0m
  ↳ bin/rails:9
  [1m[35m (12.7ms)[0m  [1m[35mCREATE TABLE "schema_migrations" ("version" varchar NOT NULL PRIMARY KEY)[0m
  ↳ bin/rails:9
  [1m[35m (14.9ms)[0m  [1m[35mCREATE TABLE "ar_internal_metadata" ("key" varchar NOT NULL PRIMARY KEY, "value" varchar, "created_at" datetime NOT NULL, "updated_at" datetime NOT NULL)[0m
  ↳ bin/rails:9
  [1m[35m (0.1ms)[0m  [1m[34mSELECT "schema_migrations"."version" FROM "schema_migrations" ORDER BY "schema_migrations"."version" ASC[0m
  ↳ bin/rails:9
Migrating to CreateGeofences (20190707060131)
  [1m[35m (0.1ms)[0m  [1m[36mbegin transaction[0m
  ↳ bin/rails:9
  [1m[35m (1.0ms)[0m  [1m[35mCREATE TABLE "geofences" ("id" integer PRIMARY KEY AUTOINCREMENT NOT NULL, "name" varchar, "address" varchar, "latitude" decimal, "longitud" decimal, "created_at" datetime NOT NULL, "updated_at" datetime NOT NULL)[0m
  ↳ db/migrate/20190707060131_create_geofences.rb:3
  [1m[36mActiveRecord::SchemaMigration Create (0.2ms)[0m  [1m[32mINSERT INTO "schema_migrations" ("version") VALUES (?)[0m  [["version", "20190707060131"]]
  ↳ bin/rails:9
  [1m[35m (13.5ms)[0m  [1m[36mcommit transaction[0m
  ↳ bin/rails:9
Migrating to CreateUsers (20190707060134)
  [1m[35m (0.2ms)[0m  [1m[36mbegin transaction[0m
  ↳ bin/rails:9
  [1m[35m (1.0ms)[0m  [1m[35mCREATE TABLE "users" ("id" integer PRIMARY KEY AUTOINCREMENT NOT NULL, "name" varchar, "lastname" varchar, "geofence_id" integer, "role" varchar, "uid" varchar, "provider" varchar, "sex" varchar, "biography" text, "created_at" datetime NOT NULL, "updated_at" datetime NOT NULL, CONSTRAINT "fk_rails_bdafab6836"
FOREIGN KEY ("geofence_id")
  REFERENCES "geofences" ("id")
)[0m
  ↳ db/migrate/20190707060134_create_users.rb:3
  [1m[35m (0.1ms)[0m  [1m[35mCREATE  INDEX "index_users_on_geofence_id" ON "users" ("geofence_id")[0m
  ↳ db/migrate/20190707060134_create_users.rb:3
  [1m[36mActiveRecord::SchemaMigration Create (0.2ms)[0m  [1m[32mINSERT INTO "schema_migrations" ("version") VALUES (?)[0m  [["version", "20190707060134"]]
  ↳ bin/rails:9
  [1m[35m (12.8ms)[0m  [1m[36mcommit transaction[0m
  ↳ bin/rails:9
Migrating to CreateRants (20190707060136)
  [1m[35m (0.1ms)[0m  [1m[36mbegin transaction[0m
  ↳ bin/rails:9
  [1m[35m (1.4ms)[0m  [1m[35mCREATE TABLE "rants" ("id" integer PRIMARY KEY AUTOINCREMENT NOT NULL, "user_id" integer, "geofence_id" integer, "title" varchar, "description" text, "like" integer, "unlike" integer, "status" varchar, "inapropiate" integer, "visibility" boolean, "created_at" datetime NOT NULL, "updated_at" datetime NOT NULL, CONSTRAINT "fk_rails_f14e066c51"
FOREIGN KEY ("user_id")
  REFERENCES "users" ("id")
, CONSTRAINT "fk_rails_a8b78a0a71"
FOREIGN KEY ("geofence_id")
  REFERENCES "geofences" ("id")
)[0m
  ↳ db/migrate/20190707060136_create_rants.rb:3
  [1m[35m (0.2ms)[0m  [1m[35mCREATE  INDEX "index_rants_on_user_id" ON "rants" ("user_id")[0m
  ↳ db/migrate/20190707060136_create_rants.rb:3
  [1m[35m (0.1ms)[0m  [1m[35mCREATE  INDEX "index_rants_on_geofence_id" ON "rants" ("geofence_id")[0m
  ↳ db/migrate/20190707060136_create_rants.rb:3
  [1m[36mActiveRecord::SchemaMigration Create (0.2ms)[0m  [1m[32mINSERT INTO "schema_migrations" ("version") VALUES (?)[0m  [["version", "20190707060136"]]
  ↳ bin/rails:9
  [1m[35m (11.2ms)[0m  [1m[36mcommit transaction[0m
  ↳ bin/rails:9
Migrating to CreateComments (20190707060139)
  [1m[35m (0.1ms)[0m  [1m[36mbegin transaction[0m
  ↳ bin/rails:9
  [1m[35m (0.9ms)[0m  [1m[35mCREATE TABLE "comments" ("id" integer PRIMARY KEY AUTOINCREMENT NOT NULL, "user_id" integer, "rant_id" integer, "description" text, "like" integer, "unlike" integer, "inapropiate" integer, "created_at" datetime NOT NULL, "updated_at" datetime NOT NULL, CONSTRAINT "fk_rails_03de2dc08c"
FOREIGN KEY ("user_id")
  REFERENCES "users" ("id")
, CONSTRAINT "fk_rails_955cbfa411"
FOREIGN KEY ("rant_id")
  REFERENCES "rants" ("id")
)[0m
  ↳ db/migrate/20190707060139_create_comments.rb:3
  [1m[35m (0.1ms)[0m  [1m[35mCREATE  INDEX "index_comments_on_user_id" ON "comments" ("user_id")[0m
  ↳ db/migrate/20190707060139_create_comments.rb:3
  [1m[35m (0.1ms)[0m  [1m[35mCREATE  INDEX "index_comments_on_rant_id" ON "comments" ("rant_id")[0m
  ↳ db/migrate/20190707060139_create_comments.rb:3
  [1m[36mActiveRecord::SchemaMigration Create (0.3ms)[0m  [1m[32mINSERT INTO "schema_migrations" ("version") VALUES (?)[0m  [["version", "20190707060139"]]
  ↳ bin/rails:9
  [1m[35m (11.6ms)[0m  [1m[36mcommit transaction[0m
  ↳ bin/rails:9
Migrating to CreateDumpsters (20190707060141)
  [1m[35m (0.1ms)[0m  [1m[36mbegin transaction[0m
  ↳ bin/rails:9
  [1m[35m (1.1ms)[0m  [1m[35mCREATE TABLE "dumpsters" ("id" integer PRIMARY KEY AUTOINCREMENT NOT NULL, "rant_id" integer, "created_at" datetime NOT NULL, "updated_at" datetime NOT NULL, CONSTRAINT "fk_rails_259187e79d"
FOREIGN KEY ("rant_id")
  REFERENCES "rants" ("id")
)[0m
  ↳ db/migrate/20190707060141_create_dumpsters.rb:3
  [1m[35m (0.1ms)[0m  [1m[35mCREATE  INDEX "index_dumpsters_on_rant_id" ON "dumpsters" ("rant_id")[0m
  ↳ db/migrate/20190707060141_create_dumpsters.rb:3
  [1m[36mActiveRecord::SchemaMigration Create (0.2ms)[0m  [1m[32mINSERT INTO "schema_migrations" ("version") VALUES (?)[0m  [["version", "20190707060141"]]
  ↳ bin/rails:9
  [1m[35m (11.1ms)[0m  [1m[36mcommit transaction[0m
  ↳ bin/rails:9
Migrating to CreateBlacklists (20190707060144)
  [1m[35m (0.1ms)[0m  [1m[36mbegin transaction[0m
  ↳ bin/rails:9
  [1m[35m (1.0ms)[0m  [1m[35mCREATE TABLE "blacklists" ("id" integer PRIMARY KEY AUTOINCREMENT NOT NULL, "user_id" integer, "flagged" integer, "created_at" datetime NOT NULL, "updated_at" datetime NOT NULL, CONSTRAINT "fk_rails_23fa4463b8"
FOREIGN KEY ("user_id")
  REFERENCES "users" ("id")
)[0m
  ↳ db/migrate/20190707060144_create_blacklists.rb:3
  [1m[35m (0.1ms)[0m  [1m[35mCREATE  INDEX "index_blacklists_on_user_id" ON "blacklists" ("user_id")[0m
  ↳ db/migrate/20190707060144_create_blacklists.rb:3
  [1m[36mActiveRecord::SchemaMigration Create (0.2ms)[0m  [1m[32mINSERT INTO "schema_migrations" ("version") VALUES (?)[0m  [["version", "20190707060144"]]
  ↳ bin/rails:9
  [1m[35m (11.8ms)[0m  [1m[36mcommit transaction[0m
  ↳ bin/rails:9
Migrating to AddDeviseToUser (20190707060155)
  [1m[35m (0.1ms)[0m  [1m[36mbegin transaction[0m
  ↳ bin/rails:9
  [1m[35m (1.2ms)[0m  [1m[35mALTER TABLE "users" ADD "email" varchar[0m
  ↳ db/migrate/20190707060155_add_devise_to_user.rb:5
  [1m[35m (0.4ms)[0m  [1m[35mALTER TABLE "users" ADD "encrypted_password" varchar DEFAULT '' NOT NULL[0m
  ↳ db/migrate/20190707060155_add_devise_to_user.rb:6
  [1m[35m (0.2ms)[0m  [1m[35mALTER TABLE "users" ADD "reset_password_token" varchar[0m
  ↳ db/migrate/20190707060155_add_devise_to_user.rb:9
  [1m[35m (0.2ms)[0m  [1m[35mALTER TABLE "users" ADD "reset_password_sent_at" datetime[0m
  ↳ db/migrate/20190707060155_add_devise_to_user.rb:10
  [1m[35m (0.2ms)[0m  [1m[35mALTER TABLE "users" ADD "remember_created_at" datetime[0m
  ↳ db/migrate/20190707060155_add_devise_to_user.rb:13
  [1m[35m (0.2ms)[0m  [1m[35mALTER TABLE "users" ADD "sign_in_count" integer DEFAULT 0 NOT NULL[0m
  ↳ db/migrate/20190707060155_add_devise_to_user.rb:16
  [1m[35m (0.2ms)[0m  [1m[35mALTER TABLE "users" ADD "current_sign_in_at" datetime[0m
  ↳ db/migrate/20190707060155_add_devise_to_user.rb:17
  [1m[35m (0.2ms)[0m  [1m[35mALTER TABLE "users" ADD "last_sign_in_at" datetime[0m
  ↳ db/migrate/20190707060155_add_devise_to_user.rb:18
  [1m[35m (0.2ms)[0m  [1m[35mALTER TABLE "users" ADD "current_sign_in_ip" varchar[0m
  ↳ db/migrate/20190707060155_add_devise_to_user.rb:19
  [1m[35m (0.2ms)[0m  [1m[35mALTER TABLE "users" ADD "last_sign_in_ip" varchar[0m
  ↳ db/migrate/20190707060155_add_devise_to_user.rb:20
  [1m[35m (0.3ms)[0m  [1m[35mCREATE UNIQUE INDEX "index_users_on_email" ON "users" ("email")[0m
  ↳ db/migrate/20190707060155_add_devise_to_user.rb:36
  [1m[35m (0.3ms)[0m  [1m[35mCREATE UNIQUE INDEX "index_users_on_reset_password_token" ON "users" ("reset_password_token")[0m
  ↳ db/migrate/20190707060155_add_devise_to_user.rb:37
  [1m[36mActiveRecord::SchemaMigration Create (0.7ms)[0m  [1m[32mINSERT INTO "schema_migrations" ("version") VALUES (?)[0m  [["version", "20190707060155"]]
  ↳ bin/rails:9
  [1m[35m (12.1ms)[0m  [1m[36mcommit transaction[0m
  ↳ bin/rails:9
Migrating to CreateActiveStorageTables (20190707062447)
  [1m[35m (0.1ms)[0m  [1m[36mbegin transaction[0m
  ↳ bin/rails:9
  [1m[35m (1.2ms)[0m  [1m[35mCREATE TABLE "active_storage_blobs" ("id" integer PRIMARY KEY AUTOINCREMENT NOT NULL, "key" varchar NOT NULL, "filename" varchar NOT NULL, "content_type" varchar, "metadata" text, "byte_size" bigint NOT NULL, "checksum" varchar NOT NULL, "created_at" datetime NOT NULL)[0m
  ↳ db/migrate/20190707062447_create_active_storage_tables.active_storage.rb:4
  [1m[35m (0.2ms)[0m  [1m[35mCREATE UNIQUE INDEX "index_active_storage_blobs_on_key" ON "active_storage_blobs" ("key")[0m
  ↳ db/migrate/20190707062447_create_active_storage_tables.active_storage.rb:4
  [1m[35m (0.1ms)[0m  [1m[35mCREATE TABLE "active_storage_attachments" ("id" integer PRIMARY KEY AUTOINCREMENT NOT NULL, "name" varchar NOT NULL, "record_type" varchar NOT NULL, "record_id" integer NOT NULL, "blob_id" integer NOT NULL, "created_at" datetime NOT NULL, CONSTRAINT "fk_rails_c3b3935057"
FOREIGN KEY ("blob_id")
  REFERENCES "active_storage_blobs" ("id")
)[0m
  ↳ db/migrate/20190707062447_create_active_storage_tables.active_storage.rb:16
  [1m[35m (0.1ms)[0m  [1m[35mCREATE  INDEX "index_active_storage_attachments_on_blob_id" ON "active_storage_attachments" ("blob_id")[0m
  ↳ db/migrate/20190707062447_create_active_storage_tables.active_storage.rb:16
  [1m[35m (0.1ms)[0m  [1m[35mCREATE UNIQUE INDEX "index_active_storage_attachments_uniqueness" ON "active_storage_attachments" ("record_type", "record_id", "name", "blob_id")[0m
  ↳ db/migrate/20190707062447_create_active_storage_tables.active_storage.rb:16
  [1m[36mActiveRecord::SchemaMigration Create (0.3ms)[0m  [1m[32mINSERT INTO "schema_migrations" ("version") VALUES (?)[0m  [["version", "20190707062447"]]
  ↳ bin/rails:9
  [1m[35m (12.4ms)[0m  [1m[36mcommit transaction[0m
  ↳ bin/rails:9
  [1m[36mActiveRecord::InternalMetadata Load (0.2ms)[0m  [1m[34mSELECT  "ar_internal_metadata".* FROM "ar_internal_metadata" WHERE "ar_internal_metadata"."key" = ? LIMIT ?[0m  [["key", "environment"], ["LIMIT", 1]]
  ↳ bin/rails:9
  [1m[35m (0.1ms)[0m  [1m[36mbegin transaction[0m
  ↳ bin/rails:9
  [1m[36mActiveRecord::InternalMetadata Create (1.4ms)[0m  [1m[32mINSERT INTO "ar_internal_metadata" ("key", "value", "created_at", "updated_at") VALUES (?, ?, ?, ?)[0m  [["key", "environment"], ["value", "development"], ["created_at", "2019-07-08 02:23:06.916582"], ["updated_at", "2019-07-08 02:23:06.916582"]]
  ↳ bin/rails:9
  [1m[35m (10.2ms)[0m  [1m[36mcommit transaction[0m
  ↳ bin/rails:9
  [1m[35m (0.1ms)[0m  [1m[34mSELECT "schema_migrations"."version" FROM "schema_migrations" ORDER BY "schema_migrations"."version" ASC[0m
  ↳ bin/rails:9
  [1m[35m (0.1ms)[0m  [1m[34mSELECT "schema_migrations"."version" FROM "schema_migrations" ORDER BY "schema_migrations"."version" ASC[0m
  ↳ bin/rails:9
  [1m[35m (0.2ms)[0m  [1m[34mSELECT "ar_internal_metadata"."value" FROM "ar_internal_metadata" WHERE "ar_internal_metadata"."key" = ?[0m  [["key", "environment"]]
  ↳ bin/rails:9
  [1m[35m (0.1ms)[0m  [1m[34mSELECT "schema_migrations"."version" FROM "schema_migrations" ORDER BY "schema_migrations"."version" ASC[0m
  ↳ bin/rails:9
  [1m[35m (0.1ms)[0m  [1m[34mSELECT "ar_internal_metadata"."value" FROM "ar_internal_metadata" WHERE "ar_internal_metadata"."key" = ?[0m  [["key", "environment"]]
  ↳ bin/rails:9
  [1m[35m (0.1ms)[0m  [1m[34mSELECT "schema_migrations"."version" FROM "schema_migrations" ORDER BY "schema_migrations"."version" ASC[0m
  ↳ bin/rails:9
  [1m[35m (0.1ms)[0m  [1m[34mSELECT "ar_internal_metadata"."value" FROM "ar_internal_metadata" WHERE "ar_internal_metadata"."key" = ?[0m  [["key", "environment"]]
  ↳ bin/rails:9
  [1m[35m (0.1ms)[0m  [1m[35mDROP TABLE IF EXISTS "active_storage_attachments"[0m
  ↳ db/schema.rb:15
  [1m[35m (0.1ms)[0m  [1m[34mSELECT sqlite_version(*)[0m
  ↳ db/schema.rb:15
  [1m[35m (12.0ms)[0m  [1m[35mCREATE TABLE "active_storage_attachments" ("id" integer PRIMARY KEY AUTOINCREMENT NOT NULL, "name" varchar NOT NULL, "record_type" varchar NOT NULL, "record_id" integer NOT NULL, "blob_id" integer NOT NULL, "created_at" datetime NOT NULL)[0m
  ↳ db/schema.rb:15
  [1m[35m (10.9ms)[0m  [1m[35mCREATE  INDEX "index_active_storage_attachments_on_blob_id" ON "active_storage_attachments" ("blob_id")[0m
  ↳ db/schema.rb:15
  [1m[35m (8.8ms)[0m  [1m[35mCREATE UNIQUE INDEX "index_active_storage_attachments_uniqueness" ON "active_storage_attachments" ("record_type", "record_id", "name", "blob_id")[0m
  ↳ db/schema.rb:15
  [1m[35m (0.2ms)[0m  [1m[35mDROP TABLE IF EXISTS "active_storage_blobs"[0m
  ↳ db/schema.rb:25
  [1m[35m (9.8ms)[0m  [1m[35mCREATE TABLE "active_storage_blobs" ("id" integer PRIMARY KEY AUTOINCREMENT NOT NULL, "key" varchar NOT NULL, "filename" varchar NOT NULL, "content_type" varchar, "metadata" text, "byte_size" bigint NOT NULL, "checksum" varchar NOT NULL, "created_at" datetime NOT NULL)[0m
  ↳ db/schema.rb:25
  [1m[35m (9.5ms)[0m  [1m[35mCREATE UNIQUE INDEX "index_active_storage_blobs_on_key" ON "active_storage_blobs" ("key")[0m
  ↳ db/schema.rb:25
  [1m[35m (0.2ms)[0m  [1m[35mDROP TABLE IF EXISTS "blacklists"[0m
  ↳ db/schema.rb:36
  [1m[35m (11.9ms)[0m  [1m[35mCREATE TABLE "blacklists" ("id" integer PRIMARY KEY AUTOINCREMENT NOT NULL, "user_id" integer, "flagged" integer, "created_at" datetime NOT NULL, "updated_at" datetime NOT NULL)[0m
  ↳ db/schema.rb:36
  [1m[35m (10.6ms)[0m  [1m[35mCREATE  INDEX "index_blacklists_on_user_id" ON "blacklists" ("user_id")[0m
  ↳ db/schema.rb:36
  [1m[35m (0.3ms)[0m  [1m[35mDROP TABLE IF EXISTS "comments"[0m
  ↳ db/schema.rb:44
  [1m[35m (10.5ms)[0m  [1m[35mCREATE TABLE "comments" ("id" integer PRIMARY KEY AUTOINCREMENT NOT NULL, "user_id" integer, "rant_id" integer, "description" text, "like" integer, "unlike" integer, "inapropiate" integer, "created_at" datetime NOT NULL, "updated_at" datetime NOT NULL)[0m
  ↳ db/schema.rb:44
  [1m[35m (10.0ms)[0m  [1m[35mCREATE  INDEX "index_comments_on_rant_id" ON "comments" ("rant_id")[0m
  ↳ db/schema.rb:44
  [1m[35m (13.2ms)[0m  [1m[35mCREATE  INDEX "index_comments_on_user_id" ON "comments" ("user_id")[0m
  ↳ db/schema.rb:44
  [1m[35m (0.2ms)[0m  [1m[35mDROP TABLE IF EXISTS "dumpsters"[0m
  ↳ db/schema.rb:57
  [1m[35m (12.7ms)[0m  [1m[35mCREATE TABLE "dumpsters" ("id" integer PRIMARY KEY AUTOINCREMENT NOT NULL, "rant_id" integer, "created_at" datetime NOT NULL, "updated_at" datetime NOT NULL)[0m
  ↳ db/schema.rb:57
  [1m[35m (13.3ms)[0m  [1m[35mCREATE  INDEX "index_dumpsters_on_rant_id" ON "dumpsters" ("rant_id")[0m
  ↳ db/schema.rb:57
  [1m[35m (0.2ms)[0m  [1m[35mDROP TABLE IF EXISTS "geofences"[0m
  ↳ db/schema.rb:64
  [1m[35m (12.1ms)[0m  [1m[35mCREATE TABLE "geofences" ("id" integer PRIMARY KEY AUTOINCREMENT NOT NULL, "name" varchar, "address" varchar, "latitude" decimal, "longitud" decimal, "created_at" datetime NOT NULL, "updated_at" datetime NOT NULL)[0m
  ↳ db/schema.rb:64
  [1m[35m (0.3ms)[0m  [1m[35mDROP TABLE IF EXISTS "rants"[0m
  ↳ db/schema.rb:73
  [1m[35m (13.9ms)[0m  [1m[35mCREATE TABLE "rants" ("id" integer PRIMARY KEY AUTOINCREMENT NOT NULL, "user_id" integer, "geofence_id" integer, "title" varchar, "description" text, "like" integer, "unlike" integer, "status" varchar, "inapropiate" integer, "visibility" boolean, "created_at" datetime NOT NULL, "updated_at" datetime NOT NULL)[0m
  ↳ db/schema.rb:73
  [1m[35m (13.7ms)[0m  [1m[35mCREATE  INDEX "index_rants_on_geofence_id" ON "rants" ("geofence_id")[0m
  ↳ db/schema.rb:73
  [1m[35m (12.4ms)[0m  [1m[35mCREATE  INDEX "index_rants_on_user_id" ON "rants" ("user_id")[0m
  ↳ db/schema.rb:73
  [1m[35m (0.2ms)[0m  [1m[35mDROP TABLE IF EXISTS "users"[0m
  ↳ db/schema.rb:89
  [1m[35m (12.5ms)[0m  [1m[35mCREATE TABLE "users" ("id" integer PRIMARY KEY AUTOINCREMENT NOT NULL, "name" varchar, "lastname" varchar, "geofence_id" integer, "role" varchar, "uid" varchar, "provider" varchar, "sex" varchar, "biography" text, "created_at" datetime NOT NULL, "updated_at" datetime NOT NULL, "email" varchar, "encrypted_password" varchar DEFAULT '' NOT NULL, "reset_password_token" varchar, "reset_password_sent_at" datetime, "remember_created_at" datetime, "sign_in_count" integer DEFAULT 0 NOT NULL, "current_sign_in_at" datetime, "last_sign_in_at" datetime, "current_sign_in_ip" varchar, "last_sign_in_ip" varchar)[0m
  ↳ db/schema.rb:89
  [1m[35m (13.4ms)[0m  [1m[35mCREATE UNIQUE INDEX "index_users_on_email" ON "users" ("email")[0m
  ↳ db/schema.rb:89
  [1m[35m (12.0ms)[0m  [1m[35mCREATE  INDEX "index_users_on_geofence_id" ON "users" ("geofence_id")[0m
  ↳ db/schema.rb:89
  [1m[35m (9.5ms)[0m  [1m[35mCREATE UNIQUE INDEX "index_users_on_reset_password_token" ON "users" ("reset_password_token")[0m
  ↳ db/schema.rb:89
  [1m[35m (9.9ms)[0m  [1m[35mCREATE TABLE "schema_migrations" ("version" varchar NOT NULL PRIMARY KEY)[0m
  ↳ db/schema.rb:13
  [1m[35m (0.2ms)[0m  [1m[34mSELECT "schema_migrations"."version" FROM "schema_migrations" ORDER BY "schema_migrations"."version" ASC[0m
  ↳ db/schema.rb:13
  [1m[35m (10.6ms)[0m  [1m[32mINSERT INTO "schema_migrations" (version) VALUES (20190707062447)[0m
  ↳ db/schema.rb:13
  [1m[35m (10.2ms)[0m  [1m[32mINSERT INTO "schema_migrations" (version) VALUES
(20190707060131),
(20190707060134),
(20190707060136),
(20190707060139),
(20190707060141),
(20190707060144),
(20190707060155);

[0m
  ↳ db/schema.rb:13
  [1m[35m (9.3ms)[0m  [1m[35mCREATE TABLE "ar_internal_metadata" ("key" varchar NOT NULL PRIMARY KEY, "value" varchar, "created_at" datetime NOT NULL, "updated_at" datetime NOT NULL)[0m
  ↳ db/schema.rb:13
  [1m[36mActiveRecord::InternalMetadata Load (0.2ms)[0m  [1m[34mSELECT  "ar_internal_metadata".* FROM "ar_internal_metadata" WHERE "ar_internal_metadata"."key" = ? LIMIT ?[0m  [["key", "environment"], ["LIMIT", 1]]
  ↳ db/schema.rb:13
  [1m[35m (0.0ms)[0m  [1m[36mbegin transaction[0m
  ↳ db/schema.rb:13
  [1m[36mActiveRecord::InternalMetadata Create (0.8ms)[0m  [1m[32mINSERT INTO "ar_internal_metadata" ("key", "value", "created_at", "updated_at") VALUES (?, ?, ?, ?)[0m  [["key", "environment"], ["value", "development"], ["created_at", "2019-07-08 02:23:21.060233"], ["updated_at", "2019-07-08 02:23:21.060233"]]
  ↳ db/schema.rb:13
  [1m[35m (10.3ms)[0m  [1m[36mcommit transaction[0m
  ↳ db/schema.rb:13
  [1m[36mActiveRecord::InternalMetadata Load (0.1ms)[0m  [1m[34mSELECT  "ar_internal_metadata".* FROM "ar_internal_metadata" WHERE "ar_internal_metadata"."key" = ? LIMIT ?[0m  [["key", "environment"], ["LIMIT", 1]]
  ↳ bin/rails:9
  [1m[35m (0.0ms)[0m  [1m[36mbegin transaction[0m
  ↳ bin/rails:9
  [1m[35m (0.0ms)[0m  [1m[36mcommit transaction[0m
  ↳ bin/rails:9
  [1m[35m (0.1ms)[0m  [1m[35mDROP TABLE IF EXISTS "active_storage_attachments"[0m
  ↳ db/schema.rb:15
  [1m[35m (0.1ms)[0m  [1m[34mSELECT sqlite_version(*)[0m
  ↳ db/schema.rb:15
  [1m[35m (11.6ms)[0m  [1m[35mCREATE TABLE "active_storage_attachments" ("id" integer PRIMARY KEY AUTOINCREMENT NOT NULL, "name" varchar NOT NULL, "record_type" varchar NOT NULL, "record_id" integer NOT NULL, "blob_id" integer NOT NULL, "created_at" datetime NOT NULL)[0m
  ↳ db/schema.rb:15
  [1m[35m (13.8ms)[0m  [1m[35mCREATE  INDEX "index_active_storage_attachments_on_blob_id" ON "active_storage_attachments" ("blob_id")[0m
  ↳ db/schema.rb:15
  [1m[35m (12.0ms)[0m  [1m[35mCREATE UNIQUE INDEX "index_active_storage_attachments_uniqueness" ON "active_storage_attachments" ("record_type", "record_id", "name", "blob_id")[0m
  ↳ db/schema.rb:15
  [1m[35m (0.2ms)[0m  [1m[35mDROP TABLE IF EXISTS "active_storage_blobs"[0m
  ↳ db/schema.rb:25
  [1m[35m (13.2ms)[0m  [1m[35mCREATE TABLE "active_storage_blobs" ("id" integer PRIMARY KEY AUTOINCREMENT NOT NULL, "key" varchar NOT NULL, "filename" varchar NOT NULL, "content_type" varchar, "metadata" text, "byte_size" bigint NOT NULL, "checksum" varchar NOT NULL, "created_at" datetime NOT NULL)[0m
  ↳ db/schema.rb:25
  [1m[35m (13.3ms)[0m  [1m[35mCREATE UNIQUE INDEX "index_active_storage_blobs_on_key" ON "active_storage_blobs" ("key")[0m
  ↳ db/schema.rb:25
  [1m[35m (0.2ms)[0m  [1m[35mDROP TABLE IF EXISTS "blacklists"[0m
  ↳ db/schema.rb:36
  [1m[35m (12.9ms)[0m  [1m[35mCREATE TABLE "blacklists" ("id" integer PRIMARY KEY AUTOINCREMENT NOT NULL, "user_id" integer, "flagged" integer, "created_at" datetime NOT NULL, "updated_at" datetime NOT NULL)[0m
  ↳ db/schema.rb:36
  [1m[35m (13.3ms)[0m  [1m[35mCREATE  INDEX "index_blacklists_on_user_id" ON "blacklists" ("user_id")[0m
  ↳ db/schema.rb:36
  [1m[35m (0.3ms)[0m  [1m[35mDROP TABLE IF EXISTS "comments"[0m
  ↳ db/schema.rb:44
  [1m[35m (12.9ms)[0m  [1m[35mCREATE TABLE "comments" ("id" integer PRIMARY KEY AUTOINCREMENT NOT NULL, "user_id" integer, "rant_id" integer, "description" text, "like" integer, "unlike" integer, "inapropiate" integer, "created_at" datetime NOT NULL, "updated_at" datetime NOT NULL)[0m
  ↳ db/schema.rb:44
  [1m[35m (13.1ms)[0m  [1m[35mCREATE  INDEX "index_comments_on_rant_id" ON "comments" ("rant_id")[0m
  ↳ db/schema.rb:44
  [1m[35m (12.4ms)[0m  [1m[35mCREATE  INDEX "index_comments_on_user_id" ON "comments" ("user_id")[0m
  ↳ db/schema.rb:44
  [1m[35m (0.2ms)[0m  [1m[35mDROP TABLE IF EXISTS "dumpsters"[0m
  ↳ db/schema.rb:57
  [1m[35m (14.7ms)[0m  [1m[35mCREATE TABLE "dumpsters" ("id" integer PRIMARY KEY AUTOINCREMENT NOT NULL, "rant_id" integer, "created_at" datetime NOT NULL, "updated_at" datetime NOT NULL)[0m
  ↳ db/schema.rb:57
  [1m[35m (10.5ms)[0m  [1m[35mCREATE  INDEX "index_dumpsters_on_rant_id" ON "dumpsters" ("rant_id")[0m
  ↳ db/schema.rb:57
  [1m[35m (0.2ms)[0m  [1m[35mDROP TABLE IF EXISTS "geofences"[0m
  ↳ db/schema.rb:64
  [1m[35m (10.6ms)[0m  [1m[35mCREATE TABLE "geofences" ("id" integer PRIMARY KEY AUTOINCREMENT NOT NULL, "name" varchar, "address" varchar, "latitude" decimal, "longitud" decimal, "created_at" datetime NOT NULL, "updated_at" datetime NOT NULL)[0m
  ↳ db/schema.rb:64
  [1m[35m (0.3ms)[0m  [1m[35mDROP TABLE IF EXISTS "rants"[0m
  ↳ db/schema.rb:73
  [1m[35m (11.5ms)[0m  [1m[35mCREATE TABLE "rants" ("id" integer PRIMARY KEY AUTOINCREMENT NOT NULL, "user_id" integer, "geofence_id" integer, "title" varchar, "description" text, "like" integer, "unlike" integer, "status" varchar, "inapropiate" integer, "visibility" boolean, "created_at" datetime NOT NULL, "updated_at" datetime NOT NULL)[0m
  ↳ db/schema.rb:73
  [1m[35m (10.8ms)[0m  [1m[35mCREATE  INDEX "index_rants_on_geofence_id" ON "rants" ("geofence_id")[0m
  ↳ db/schema.rb:73
  [1m[35m (10.2ms)[0m  [1m[35mCREATE  INDEX "index_rants_on_user_id" ON "rants" ("user_id")[0m
  ↳ db/schema.rb:73
  [1m[35m (0.2ms)[0m  [1m[35mDROP TABLE IF EXISTS "users"[0m
  ↳ db/schema.rb:89
  [1m[35m (10.0ms)[0m  [1m[35mCREATE TABLE "users" ("id" integer PRIMARY KEY AUTOINCREMENT NOT NULL, "name" varchar, "lastname" varchar, "geofence_id" integer, "role" varchar, "uid" varchar, "provider" varchar, "sex" varchar, "biography" text, "created_at" datetime NOT NULL, "updated_at" datetime NOT NULL, "email" varchar, "encrypted_password" varchar DEFAULT '' NOT NULL, "reset_password_token" varchar, "reset_password_sent_at" datetime, "remember_created_at" datetime, "sign_in_count" integer DEFAULT 0 NOT NULL, "current_sign_in_at" datetime, "last_sign_in_at" datetime, "current_sign_in_ip" varchar, "last_sign_in_ip" varchar)[0m
  ↳ db/schema.rb:89
  [1m[35m (10.2ms)[0m  [1m[35mCREATE UNIQUE INDEX "index_users_on_email" ON "users" ("email")[0m
  ↳ db/schema.rb:89
  [1m[35m (9.8ms)[0m  [1m[35mCREATE  INDEX "index_users_on_geofence_id" ON "users" ("geofence_id")[0m
  ↳ db/schema.rb:89
  [1m[35m (11.2ms)[0m  [1m[35mCREATE UNIQUE INDEX "index_users_on_reset_password_token" ON "users" ("reset_password_token")[0m
  ↳ db/schema.rb:89
  [1m[35m (15.3ms)[0m  [1m[35mCREATE TABLE "schema_migrations" ("version" varchar NOT NULL PRIMARY KEY)[0m
  ↳ db/schema.rb:13
  [1m[35m (0.2ms)[0m  [1m[34mSELECT "schema_migrations"."version" FROM "schema_migrations" ORDER BY "schema_migrations"."version" ASC[0m
  ↳ db/schema.rb:13
  [1m[35m (12.5ms)[0m  [1m[32mINSERT INTO "schema_migrations" (version) VALUES (20190707062447)[0m
  ↳ db/schema.rb:13
  [1m[35m (13.2ms)[0m  [1m[32mINSERT INTO "schema_migrations" (version) VALUES
(20190707060131),
(20190707060134),
(20190707060136),
(20190707060139),
(20190707060141),
(20190707060144),
(20190707060155);

[0m
  ↳ db/schema.rb:13
  [1m[35m (12.2ms)[0m  [1m[35mCREATE TABLE "ar_internal_metadata" ("key" varchar NOT NULL PRIMARY KEY, "value" varchar, "created_at" datetime NOT NULL, "updated_at" datetime NOT NULL)[0m
  ↳ db/schema.rb:13
  [1m[36mActiveRecord::InternalMetadata Load (0.2ms)[0m  [1m[34mSELECT  "ar_internal_metadata".* FROM "ar_internal_metadata" WHERE "ar_internal_metadata"."key" = ? LIMIT ?[0m  [["key", "environment"], ["LIMIT", 1]]
  ↳ db/schema.rb:13
  [1m[35m (0.0ms)[0m  [1m[36mbegin transaction[0m
  ↳ db/schema.rb:13
  [1m[36mActiveRecord::InternalMetadata Create (0.7ms)[0m  [1m[32mINSERT INTO "ar_internal_metadata" ("key", "value", "created_at", "updated_at") VALUES (?, ?, ?, ?)[0m  [["key", "environment"], ["value", "development"], ["created_at", "2019-07-08 02:23:21.424172"], ["updated_at", "2019-07-08 02:23:21.424172"]]
  ↳ db/schema.rb:13
  [1m[35m (11.3ms)[0m  [1m[36mcommit transaction[0m
  ↳ db/schema.rb:13
  [1m[36mActiveRecord::InternalMetadata Load (0.1ms)[0m  [1m[34mSELECT  "ar_internal_metadata".* FROM "ar_internal_metadata" WHERE "ar_internal_metadata"."key" = ? LIMIT ?[0m  [["key", "environment"], ["LIMIT", 1]]
  ↳ bin/rails:9
  [1m[35m (0.0ms)[0m  [1m[36mbegin transaction[0m
  ↳ bin/rails:9
  [1m[36mActiveRecord::InternalMetadata Update (0.7ms)[0m  [1m[33mUPDATE "ar_internal_metadata" SET "value" = ?, "updated_at" = ? WHERE "ar_internal_metadata"."key" = ?[0m  [["value", "test"], ["updated_at", "2019-07-08 02:23:21.442730"], ["key", "environment"]]
  ↳ bin/rails:9
  [1m[35m (11.0ms)[0m  [1m[36mcommit transaction[0m
  ↳ bin/rails:9
  [1m[35m (0.1ms)[0m  [1m[34mSELECT "schema_migrations"."version" FROM "schema_migrations" ORDER BY "schema_migrations"."version" ASC[0m
  ↳ bin/rails:9
  [1m[35m (0.0ms)[0m  [1m[36mbegin transaction[0m
  ↳ db/seeds.rb:9
  [1m[36mGeofence Create (0.9ms)[0m  [1m[32mINSERT INTO "geofences" ("name", "address", "latitude", "longitud", "created_at", "updated_at") VALUES (?, ?, ?, ?, ?, ?)[0m  [["name", "Buckingham Palace"], ["address", "so"], ["latitude", 51.501564], ["longitud", -0.141944], ["created_at", "2019-07-08 02:23:21.493357"], ["updated_at", "2019-07-08 02:23:21.493357"]]
  ↳ db/seeds.rb:9
  [1m[35m (11.5ms)[0m  [1m[36mcommit transaction[0m
  ↳ db/seeds.rb:9
  [1m[35m (0.0ms)[0m  [1m[36mbegin transaction[0m
  ↳ db/seeds.rb:10
  [1m[36mGeofence Create (0.7ms)[0m  [1m[32mINSERT INTO "geofences" ("name", "address", "latitude", "longitud", "created_at", "updated_at") VALUES (?, ?, ?, ?, ?, ?)[0m  [["name", "Westminster Abbey"], ["address", "so"], ["latitude", 51.499581], ["longitud", -0.127309], ["created_at", "2019-07-08 02:23:21.507494"], ["updated_at", "2019-07-08 02:23:21.507494"]]
  ↳ db/seeds.rb:10
  [1m[35m (10.8ms)[0m  [1m[36mcommit transaction[0m
  ↳ db/seeds.rb:10
  [1m[35m (0.0ms)[0m  [1m[36mbegin transaction[0m
  ↳ db/seeds.rb:11
  [1m[36mGeofence Create (0.7ms)[0m  [1m[32mINSERT INTO "geofences" ("name", "address", "latitude", "longitud", "created_at", "updated_at") VALUES (?, ?, ?, ?, ?, ?)[0m  [["name", "Big Ben"], ["address", "so"], ["latitude", 51.500792], ["longitud", -0.124613], ["created_at", "2019-07-08 02:23:21.520440"], ["updated_at", "2019-07-08 02:23:21.520440"]]
  ↳ db/seeds.rb:11
  [1m[35m (8.8ms)[0m  [1m[36mcommit transaction[0m
  ↳ db/seeds.rb:11
  [1m[35m (0.0ms)[0m  [1m[36mbegin transaction[0m
  ↳ db/seeds.rb:16
  [1m[35m (0.0ms)[0m  [1m[36mcommit transaction[0m
  ↳ db/seeds.rb:16
  [1m[35m (0.0ms)[0m  [1m[36mbegin transaction[0m
  ↳ db/seeds.rb:16
  [1m[35m (0.0ms)[0m  [1m[36mcommit transaction[0m
  ↳ db/seeds.rb:16
  [1m[35m (0.0ms)[0m  [1m[36mbegin transaction[0m
  ↳ db/seeds.rb:16
  [1m[35m (0.0ms)[0m  [1m[36mcommit transaction[0m
  ↳ db/seeds.rb:16
  [1m[35m (0.1ms)[0m  [1m[36mbegin transaction[0m
  ↳ db/seeds.rb:26
  [1m[36mUser Exists (0.2ms)[0m  [1m[34mSELECT  1 AS one FROM "users" WHERE "users"."email" = ? LIMIT ?[0m  [["email", "ajaltermatt@miuandes.cl"], ["LIMIT", 1]]
  ↳ db/seeds.rb:26
  [1m[36mUser Create (1.0ms)[0m  [1m[32mINSERT INTO "users" ("name", "lastname", "geofence_id", "role", "sex", "biography", "created_at", "updated_at", "email", "encrypted_password") VALUES (?, ?, ?, ?, ?, ?, ?, ?, ?, ?)[0m  [["name", "Alberto "], ["lastname", "Altermatt"], ["geofence_id", 1], ["role", "SuperAdmin"], ["sex", "Male"], ["biography", "something here"], ["created_at", "2019-07-08 02:23:21.966570"], ["updated_at", "2019-07-08 02:23:21.533342"], ["email", "ajaltermatt@miuandes.cl"], ["encrypted_password", "$2a$11$NQBzRSNTNSdW06Fe5/mb2OTuyJAoKdTQ9AA.g2ZBjAuCelF/tsQpy"]]
  ↳ db/seeds.rb:26
  [1m[35m (10.9ms)[0m  [1m[36mcommit transaction[0m
  ↳ db/seeds.rb:26
  [1m[35m (0.0ms)[0m  [1m[36mbegin transaction[0m
  ↳ db/seeds.rb:26
  [1m[36mUser Exists (0.1ms)[0m  [1m[34mSELECT  1 AS one FROM "users" WHERE "users"."email" = ? LIMIT ?[0m  [["email", "vawohl@miuandes.cl"], ["LIMIT", 1]]
  ↳ db/seeds.rb:26
  [1m[36mUser Create (0.8ms)[0m  [1m[32mINSERT INTO "users" ("name", "lastname", "geofence_id", "role", "sex", "biography", "created_at", "updated_at", "email", "encrypted_password") VALUES (?, ?, ?, ?, ?, ?, ?, ?, ?, ?)[0m  [["name", "Vicente "], ["lastname", "Wohl"], ["geofence_id", 1], ["role", "Admin"], ["sex", "Male"], ["biography", "something here"], ["created_at", "2019-07-08 02:23:21.980979"], ["updated_at", "2019-07-08 02:23:21.725621"], ["email", "vawohl@miuandes.cl"], ["encrypted_password", "$2a$11$7Shu5wc5c1q/jPc1vFtrvuME5e3vg7Gd6fKQY7sc/ABaO8unmHCFC"]]
  ↳ db/seeds.rb:26
  [1m[35m (10.2ms)[0m  [1m[36mcommit transaction[0m
  ↳ db/seeds.rb:26
  [1m[35m (0.0ms)[0m  [1m[36mbegin transaction[0m
  ↳ db/seeds.rb:26
  [1m[36mUser Exists (0.1ms)[0m  [1m[34mSELECT  1 AS one FROM "users" WHERE "users"."email" = ? LIMIT ?[0m  [["email", "jmartinez@miuandes.cl"], ["LIMIT", 1]]
  ↳ db/seeds.rb:26
  [1m[36mUser Create (0.8ms)[0m  [1m[32mINSERT INTO "users" ("name", "lastname", "geofence_id", "sex", "biography", "created_at", "updated_at", "email", "encrypted_password") VALUES (?, ?, ?, ?, ?, ?, ?, ?, ?)[0m  [["name", "Juanito "], ["lastname", "Martinez"], ["geofence_id", 1], ["sex", "Male"], ["biography", "something here"], ["created_at", "2019-07-08 02:23:21.994207"], ["updated_at", "2019-07-08 02:23:21.845279"], ["email", "jmartinez@miuandes.cl"], ["encrypted_password", "$2a$11$z8Z2ofMgc2Ue3D.9ANWQX.EH/ata3KEqrKl/eBD.Hjk6n/Nl2Sa2."]]
  ↳ db/seeds.rb:26
  [1m[35m (9.8ms)[0m  [1m[36mcommit transaction[0m
  ↳ db/seeds.rb:26
  [1m[35m (0.0ms)[0m  [1m[36mbegin transaction[0m
  ↳ db/seeds.rb:30
  [1m[36mUser Load (0.2ms)[0m  [1m[34mSELECT  "users".* FROM "users" WHERE "users"."id" = ? LIMIT ?[0m  [["id", 1], ["LIMIT", 1]]
  ↳ db/seeds.rb:30
  [1m[36mRant Create (0.9ms)[0m  [1m[32mINSERT INTO "rants" ("user_id", "geofence_id", "title", "description", "like", "unlike", "status", "inapropiate", "visibility", "created_at", "updated_at") VALUES (?, ?, ?, ?, ?, ?, ?, ?, ?, ?, ?)[0m  [["user_id", 1], ["geofence_id", 1], ["title", "Transportation in San Carlos it is very bad"], ["description", "When I came back to home from university, it is a hole mess because transantiago buses are full from its capacity so it takes one hour to get tu Los Dominicos Subway"], ["like", 3], ["unlike", 1], ["status", "Permit"], ["inapropiate", 0], ["visibility", 1], ["created_at", "2019-07-08 02:23:22.070115"], ["updated_at", "2019-07-08 02:23:22.070115"]]
  ↳ db/seeds.rb:30
  [1m[35m (9.4ms)[0m  [1m[36mcommit transaction[0m
  ↳ db/seeds.rb:30
  [1m[35m (0.0ms)[0m  [1m[36mbegin transaction[0m
  ↳ db/seeds.rb:31
  [1m[36mUser Load (0.1ms)[0m  [1m[34mSELECT  "users".* FROM "users" WHERE "users"."id" = ? LIMIT ?[0m  [["id", 2], ["LIMIT", 1]]
  ↳ db/seeds.rb:31
  [1m[36mRant Create (0.8ms)[0m  [1m[32mINSERT INTO "rants" ("user_id", "geofence_id", "title", "description", "like", "unlike", "status", "inapropiate", "visibility", "created_at", "updated_at") VALUES (?, ?, ?, ?, ?, ?, ?, ?, ?, ?, ?)[0m  [["user_id", 2], ["geofence_id", 1], ["title", "Transportation in San Carlos it is very bad"], ["description", "When I came back to home from university, it is a hole mess because transantiago buses are full from its capacity so it takes one hour to get tu Los Dominicos Subway"], ["like", 3], ["unlike", 1], ["status", "Permit"], ["inapropiate", 0], ["visibility", 1], ["created_at", "2019-07-08 02:23:22.084216"], ["updated_at", "2019-07-08 02:23:22.084216"]]
  ↳ db/seeds.rb:31
  [1m[35m (12.6ms)[0m  [1m[36mcommit transaction[0m
  ↳ db/seeds.rb:31
  [1m[35m (0.0ms)[0m  [1m[36mbegin transaction[0m
  ↳ db/seeds.rb:32
  [1m[36mUser Load (0.1ms)[0m  [1m[34mSELECT  "users".* FROM "users" WHERE "users"."id" = ? LIMIT ?[0m  [["id", 3], ["LIMIT", 1]]
  ↳ db/seeds.rb:32
  [1m[36mRant Create (0.8ms)[0m  [1m[32mINSERT INTO "rants" ("user_id", "geofence_id", "title", "description", "like", "unlike", "status", "inapropiate", "visibility", "created_at", "updated_at") VALUES (?, ?, ?, ?, ?, ?, ?, ?, ?, ?, ?)[0m  [["user_id", 3], ["geofence_id", 1], ["title", "Transportation in San Carlos it is very bad"], ["description", "When I came back to home from university, it is a hole mess because transantiago buses are full from its capacity so it takes one hour to get tu Los Dominicos Subway"], ["like", 3], ["unlike", 1], ["status", "Permit"], ["inapropiate", 0], ["visibility", 1], ["created_at", "2019-07-08 02:23:22.101213"], ["updated_at", "2019-07-08 02:23:22.101213"]]
  ↳ db/seeds.rb:32
  [1m[35m (11.1ms)[0m  [1m[36mcommit transaction[0m
  ↳ db/seeds.rb:32
  [1m[35m (0.0ms)[0m  [1m[36mbegin transaction[0m
  ↳ db/seeds.rb:33
  [1m[36mUser Load (0.1ms)[0m  [1m[34mSELECT  "users".* FROM "users" WHERE "users"."id" = ? LIMIT ?[0m  [["id", 1], ["LIMIT", 1]]
  ↳ db/seeds.rb:33
  [1m[36mRant Create (0.8ms)[0m  [1m[32mINSERT INTO "rants" ("user_id", "geofence_id", "title", "description", "like", "unlike", "status", "inapropiate", "visibility", "created_at", "updated_at") VALUES (?, ?, ?, ?, ?, ?, ?, ?, ?, ?, ?)[0m  [["user_id", 1], ["geofence_id", 1], ["title", "Transportation in San Carlos it is very bad"], ["description", "When I came back to home from university, it is a hole mess because transantiago buses are full from its capacity so it takes one hour to get tu Los Dominicos Subway"], ["like", 3], ["unlike", 1], ["status", "Permit"], ["inapropiate", 0], ["visibility", 1], ["created_at", "2019-07-08 02:23:22.116633"], ["updated_at", "2019-07-08 02:23:22.116633"]]
  ↳ db/seeds.rb:33
  [1m[35m (10.9ms)[0m  [1m[36mcommit transaction[0m
  ↳ db/seeds.rb:33
  [1m[35m (0.0ms)[0m  [1m[36mbegin transaction[0m
  ↳ db/seeds.rb:34
  [1m[36mUser Load (0.1ms)[0m  [1m[34mSELECT  "users".* FROM "users" WHERE "users"."id" = ? LIMIT ?[0m  [["id", 2], ["LIMIT", 1]]
  ↳ db/seeds.rb:34
  [1m[36mRant Create (0.8ms)[0m  [1m[32mINSERT INTO "rants" ("user_id", "geofence_id", "title", "description", "like", "unlike", "status", "inapropiate", "visibility", "created_at", "updated_at") VALUES (?, ?, ?, ?, ?, ?, ?, ?, ?, ?, ?)[0m  [["user_id", 2], ["geofence_id", 1], ["title", "Transportation in San Carlos it is very bad"], ["description", "When I came back to home from university, it is a hole mess because transantiago buses are full from its capacity so it takes one hour to get tu Los Dominicos Subway"], ["like", 3], ["unlike", 1], ["status", "Permit"], ["inapropiate", 0], ["visibility", 1], ["created_at", "2019-07-08 02:23:22.132048"], ["updated_at", "2019-07-08 02:23:22.132048"]]
  ↳ db/seeds.rb:34
  [1m[35m (11.2ms)[0m  [1m[36mcommit transaction[0m
  ↳ db/seeds.rb:34
  [1m[35m (0.0ms)[0m  [1m[36mbegin transaction[0m
  ↳ db/seeds.rb:39
  [1m[35m (0.0ms)[0m  [1m[36mcommit transaction[0m
  ↳ db/seeds.rb:39
  [1m[35m (0.0ms)[0m  [1m[36mbegin transaction[0m
  ↳ db/seeds.rb:39
  [1m[35m (0.0ms)[0m  [1m[36mcommit transaction[0m
  ↳ db/seeds.rb:39
  [1m[35m (0.0ms)[0m  [1m[36mbegin transaction[0m
  ↳ db/seeds.rb:39
  [1m[35m (0.0ms)[0m  [1m[36mcommit transaction[0m
  ↳ db/seeds.rb:39
  [1m[35m (0.0ms)[0m  [1m[36mbegin transaction[0m
  ↳ db/seeds.rb:39
  [1m[35m (0.0ms)[0m  [1m[36mcommit transaction[0m
  ↳ db/seeds.rb:39
  [1m[35m (0.0ms)[0m  [1m[36mbegin transaction[0m
  ↳ db/seeds.rb:39
  [1m[35m (0.0ms)[0m  [1m[36mcommit transaction[0m
  ↳ db/seeds.rb:39
Started GET "/" for ::1 at 2019-07-07 22:23:38 -0400
  [1m[35m (0.2ms)[0m  [1m[34mSELECT "schema_migrations"."version" FROM "schema_migrations" ORDER BY "schema_migrations"."version" ASC[0m
  ↳ /home/nozeback/.rvm/gems/ruby-2.5.1/gems/activerecord-5.2.3/lib/active_record/log_subscriber.rb:98
Processing by HomeController#index as HTML
  Rendering home/index.html.erb within layouts/application
  Rendered home/index.html.erb within layouts/application (3.2ms)
Completed 500 Internal Server Error in 13895ms (ActiveRecord: 0.0ms)


  
ActionView::Template::Error (The asset "filch.png" is not present in the asset pipeline.):
    53:         <div class="container">
    54:             <div class="jumbotron">
    55:                 <div class="page-header">
    56:                     <div class="float-right"><%= image_tag('filch.png', size: '50x70') %></div>
    57:                     
    58:                     <h1><center>FILCH</h1>
    59:                     <div class="btn-group btn-group-lg">
  
app/views/layouts/application.html.erb:56:in `_app_views_layouts_application_html_erb__3743723909013524187_70368631488360'
